<?xml version="1.0" encoding="UTF-8"?>
<!-- Generated by org.testng.reporters.JUnitReportReporter -->
<testsuite hostname="Saifs-MacBook-Air.local" failures="0" tests="2" name="demoTestNg.Configurations_1_Datepickers" time="0.003" errors="0" timestamp="2025-09-01T01:02:27 IST" skipped="0">
  <testcase classname="demoTestNg.Configurations_1_Datepickers" name="test2_JQueryDatePicker" time="0.000"/>
  <testcase classname="demoTestNg.Configurations_1_Datepickers" name="test1_BootstrapDatePicker" time="0.003"/>
</testsuite> <!-- demoTestNg.Configurations_1_Datepickers -->
