<?xml version="1.0" encoding="UTF-8"?>
<!-- Generated by org.testng.reporters.JUnitReportReporter -->
<testsuite hostname="Saifs-MacBook-Air.local" failures="0" tests="1" name="tests.LoginTest" time="5.785" errors="0" timestamp="2025-09-03T12:38:12 IST" skipped="0">
  <testcase classname="tests.LoginTest" name="testValidationLogin" time="5.785"/>
</testsuite> <!-- tests.LoginTest -->
