<?xml version="1.0" encoding="UTF-8"?>
<!-- Generated by org.testng.reporters.JUnitReportReporter -->
<testsuite hostname="Saifs-MacBook-Air.local" failures="0" tests="1" name="test.testNG_Demo2" time="14.359" errors="0" timestamp="2025-08-24T00:04:50 IST" skipped="0">
  <testcase classname="test.testNG_Demo2" name="googlesearch2" time="14.359"/>
</testsuite> <!-- test.testNG_Demo2 -->
