<?xml version="1.0" encoding="UTF-8"?>
<!-- Generated by org.testng.reporters.JUnitReportReporter -->
<testsuite hostname="Saifs-MacBook-Air.local" failures="0" tests="1" name="test.testNG_Demo" time="14.230" errors="0" timestamp="2025-08-24T00:10:28 IST" skipped="0">
  <testcase classname="test.testNG_Demo" name="googlesearch" time="14.230"/>
</testsuite> <!-- test.testNG_Demo -->
