<?xml version="1.0" encoding="UTF-8"?>
<!-- Generated by org.testng.reporters.JUnitReportReporter -->
<testsuite hostname="Saifs-MacBook-Air.local" failures="0" tests="2" name="demoTestNg.Configurations_2_ListBox" time="0.002" errors="0" timestamp="2025-09-01T01:02:27 IST" skipped="0">
  <testcase classname="demoTestNg.Configurations_2_ListBox" name="test1_JQueyListBox" time="0.002"/>
  <testcase classname="demoTestNg.Configurations_2_ListBox" name="test2_JQueryListBox" time="0.000"/>
</testsuite> <!-- demoTestNg.Configurations_2_ListBox -->
