<?xml version="1.0" encoding="UTF-8"?>
<!-- Generated by org.testng.reporters.JUnitReportReporter -->
<testsuite hostname="Saifs-MacBook-Air.local" failures="0" tests="1" name="googlelaunch.Runhello" time="0.005" errors="0" timestamp="2025-08-17T17:39:45 IST" skipped="0">
  <testcase classname="googlelaunch.Runhello" name="MyTest" time="0.005"/>
</testsuite> <!-- googlelaunch.Runhello -->
